## Module report - date mar. 30 juil. 2013 14:22:01 CEST
## Created by Pcbnew version pcbnew (2012-apr-16-27)-stable
## Unit = inches, Angle = deg.
##

$BeginDESCRIPTION

$BOARD
unit INCH
upper_left_corner  3.797200  3.450500
lower_right_corner  7.811900  5.102300
$EndBOARD

$MODULE "C10"
reference "C10"
value "0.1uF"
footprint "0402-CAP"
attribut none
position  5.735000  4.005500
orientation  90.00
layer component
$PAD "1"
position -0.025500  0.000000
size  0.027500  0.035400
drill  0.000000
shape_offset  0.000000  0.000000
orientation  0.00
Shape  Rect
Layer  component
$EndPAD
$PAD "2"
position  0.025500  0.000000
size  0.027500  0.035400
drill  0.000000
shape_offset  0.000000  0.000000
orientation  0.00
Shape  Rect
Layer  component
$EndPAD
$EndMODULE  C10

$MODULE "C13"
reference "C13"
value "10uF"
footprint "EIA3216"
attribut none
position  5.700000  3.835500
orientation  90.00
layer component
$PAD "C"
position -0.055100  0.000000
size  0.062900  0.055100
drill  0.000000
shape_offset  0.000000  0.000000
orientation  90.00
Shape  Rect
Layer  component
$EndPAD
$PAD "A"
position  0.055100  0.000000
size  0.062900  0.055100
drill  0.000000
shape_offset  0.000000  0.000000
orientation  90.00
Shape  Rect
Layer  component
$EndPAD
$EndMODULE  C13

$MODULE "R11"
reference "R11"
value "10K"
footprint "0402-RES"
attribut none
position  5.850000  3.735500
orientation  180.00
layer component
$PAD "1"
position -0.025500  0.000000
size  0.027500  0.035400
drill  0.000000
shape_offset  0.000000  0.000000
orientation  0.00
Shape  Rect
Layer  component
$EndPAD
$PAD "2"
position  0.025500  0.000000
size  0.027500  0.035400
drill  0.000000
shape_offset  0.000000  0.000000
orientation  0.00
Shape  Rect
Layer  component
$EndPAD
$EndMODULE  R11

$MODULE "LED1"
reference "LED1"
value "Red"
footprint "LED-0603"
attribut none
position  5.850000  3.935500
orientation  270.00
layer component
$PAD "C"
position  0.000000 -0.029500
size  0.031400  0.031400
drill  0.000000
shape_offset  0.000000  0.000000
orientation  0.00
Shape  Rect
Layer  component
$EndPAD
$PAD "A"
position  0.000000  0.029500
size  0.031400  0.031400
drill  0.000000
shape_offset  0.000000  0.000000
orientation  0.00
Shape  Rect
Layer  component
$EndPAD
$EndMODULE  LED1

$MODULE "R2"
reference "R2"
value "10K"
footprint "0402-RES"
attribut none
position  5.674000  4.659500
orientation  90.00
layer component
$PAD "1"
position -0.025500  0.000000
size  0.027500  0.035400
drill  0.000000
shape_offset  0.000000  0.000000
orientation  0.00
Shape  Rect
Layer  component
$EndPAD
$PAD "2"
position  0.025500  0.000000
size  0.027500  0.035400
drill  0.000000
shape_offset  0.000000  0.000000
orientation  0.00
Shape  Rect
Layer  component
$EndPAD
$EndMODULE  R2

$MODULE "S2"
reference "S2"
value "val**"
footprint "TACTILE_SWITCH_SMD"
attribut none
position  5.850000  4.680500
orientation  180.00
layer component
$PAD "1"
position -0.100000 -0.075000
size  0.030000  0.060000
drill  0.000000
shape_offset  0.000000  0.000000
orientation  90.00
Shape  Rect
Layer  component
$EndPAD
$PAD "2"
position  0.100000 -0.075000
size  0.030000  0.060000
drill  0.000000
shape_offset  0.000000  0.000000
orientation  90.00
Shape  Rect
Layer  component
$EndPAD
$PAD "3"
position -0.100000  0.075000
size  0.030000  0.060000
drill  0.000000
shape_offset  0.000000  0.000000
orientation  90.00
Shape  Rect
Layer  component
$EndPAD
$PAD "4"
position  0.100000  0.075000
size  0.030000  0.060000
drill  0.000000
shape_offset  0.000000  0.000000
orientation  90.00
Shape  Rect
Layer  component
$EndPAD
$EndMODULE  S2

$MODULE "C3"
reference "C3"
value "0.1uF"
footprint "0402-CAP"
attribut none
position  5.880000  4.500500
orientation  180.00
layer component
$PAD "1"
position -0.025500  0.000000
size  0.027500  0.035400
drill  0.000000
shape_offset  0.000000  0.000000
orientation  0.00
Shape  Rect
Layer  component
$EndPAD
$PAD "2"
position  0.025500  0.000000
size  0.027500  0.035400
drill  0.000000
shape_offset  0.000000  0.000000
orientation  0.00
Shape  Rect
Layer  component
$EndPAD
$EndMODULE  C3

$MODULE "C1"
reference "C1"
value "0.1uF"
footprint "0402-CAP"
attribut none
position  5.674000  4.559500
orientation  90.00
layer component
$PAD "1"
position -0.025500  0.000000
size  0.027500  0.035400
drill  0.000000
shape_offset  0.000000  0.000000
orientation  0.00
Shape  Rect
Layer  component
$EndPAD
$PAD "2"
position  0.025500  0.000000
size  0.027500  0.035400
drill  0.000000
shape_offset  0.000000  0.000000
orientation  0.00
Shape  Rect
Layer  component
$EndPAD
$EndMODULE  C1

$MODULE "R6"
reference "R6"
value "330"
footprint "0402-RES"
attribut none
position  6.040000  4.585500
orientation  270.00
layer component
$PAD "1"
position -0.025500  0.000000
size  0.027500  0.035400
drill  0.000000
shape_offset  0.000000  0.000000
orientation  0.00
Shape  Rect
Layer  component
$EndPAD
$PAD "2"
position  0.025500  0.000000
size  0.027500  0.035400
drill  0.000000
shape_offset  0.000000  0.000000
orientation  0.00
Shape  Rect
Layer  component
$EndPAD
$EndMODULE  R6

$MODULE "D3"
reference "D3"
value "Green"
footprint "LED-0603"
attribut none
position  6.040000  4.685500
orientation  180.00
layer component
$PAD "C"
position  0.000000 -0.029500
size  0.031400  0.031400
drill  0.000000
shape_offset  0.000000  0.000000
orientation  0.00
Shape  Rect
Layer  component
$EndPAD
$PAD "A"
position  0.000000  0.029500
size  0.031400  0.031400
drill  0.000000
shape_offset  0.000000  0.000000
orientation  0.00
Shape  Rect
Layer  component
$EndPAD
$EndMODULE  D3

$MODULE "ref**"
reference "ref**"
value "val**"
footprint "SFE-NEW-WEBLOGO"
attribut none
position  5.780000  4.500500
orientation  90.00
layer copper
$EndMODULE  ref**

$MODULE "U2"
reference "U2"
value "MIC5205"
footprint "SOT23-5"
attribut none
position  5.850000  3.833500
orientation  90.00
layer component
$PAD "1"
position -0.037400  0.051100
size  0.021600  0.047200
drill  0.000000
shape_offset  0.000000  0.000000
orientation  0.00
Shape  Rect
Layer  component
$EndPAD
$PAD "2"
position  0.000000  0.051100
size  0.021600  0.047200
drill  0.000000
shape_offset  0.000000  0.000000
orientation  0.00
Shape  Rect
Layer  component
$EndPAD
$PAD "3"
position  0.037400  0.051100
size  0.021600  0.047200
drill  0.000000
shape_offset  0.000000  0.000000
orientation  0.00
Shape  Rect
Layer  component
$EndPAD
$PAD "4"
position  0.037400 -0.051100
size  0.021600  0.047200
drill  0.000000
shape_offset  0.000000  0.000000
orientation  0.00
Shape  Rect
Layer  component
$EndPAD
$PAD "5"
position -0.037400 -0.051100
size  0.021600  0.047200
drill  0.000000
shape_offset  0.000000  0.000000
orientation  0.00
Shape  Rect
Layer  component
$EndPAD
$EndMODULE  U2

$MODULE "C19"
reference "C19"
value "10uF"
footprint "EIA3216"
attribut none
position  6.020000  3.835500
orientation  90.00
layer component
$PAD "C"
position -0.055100  0.000000
size  0.062900  0.055100
drill  0.000000
shape_offset  0.000000  0.000000
orientation  90.00
Shape  Rect
Layer  component
$EndPAD
$PAD "A"
position  0.055100  0.000000
size  0.062900  0.055100
drill  0.000000
shape_offset  0.000000  0.000000
orientation  90.00
Shape  Rect
Layer  component
$EndPAD
$EndMODULE  C19

$MODULE "JP6"
reference "JP6"
value ""
footprint "1X12"
attribut none
position  6.150000  3.635500
orientation  270.00
layer copper
$PAD "1"
position  0.000000  0.000000
size  0.074000  0.074000
drill  0.040000
shape_offset  0.000000  0.000000
orientation  90.00
Shape  Oval
Layer  all
$EndPAD
$PAD "2"
position  0.100000  0.000000
size  0.074000  0.074000
drill  0.040000
shape_offset  0.000000  0.000000
orientation  90.00
Shape  Oval
Layer  all
$EndPAD
$PAD "3"
position  0.200000  0.000000
size  0.074000  0.074000
drill  0.040000
shape_offset  0.000000  0.000000
orientation  90.00
Shape  Oval
Layer  all
$EndPAD
$PAD "4"
position  0.300000  0.000000
size  0.074000  0.074000
drill  0.040000
shape_offset  0.000000  0.000000
orientation  90.00
Shape  Oval
Layer  all
$EndPAD
$PAD "5"
position  0.400000  0.000000
size  0.074000  0.074000
drill  0.040000
shape_offset  0.000000  0.000000
orientation  90.00
Shape  Oval
Layer  all
$EndPAD
$PAD "6"
position  0.500000  0.000000
size  0.074000  0.074000
drill  0.040000
shape_offset  0.000000  0.000000
orientation  90.00
Shape  Oval
Layer  all
$EndPAD
$PAD "7"
position  0.600000  0.000000
size  0.074000  0.074000
drill  0.040000
shape_offset  0.000000  0.000000
orientation  90.00
Shape  Oval
Layer  all
$EndPAD
$PAD "8"
position  0.700000  0.000000
size  0.074000  0.074000
drill  0.040000
shape_offset  0.000000  0.000000
orientation  90.00
Shape  Oval
Layer  all
$EndPAD
$PAD "9"
position  0.800000  0.000000
size  0.074000  0.074000
drill  0.040000
shape_offset  0.000000  0.000000
orientation  90.00
Shape  Oval
Layer  all
$EndPAD
$PAD "10"
position  0.900000  0.000000
size  0.074000  0.074000
drill  0.040000
shape_offset  0.000000  0.000000
orientation  90.00
Shape  Oval
Layer  all
$EndPAD
$PAD "11"
position  1.000000  0.000000
size  0.074000  0.074000
drill  0.040000
shape_offset  0.000000  0.000000
orientation  90.00
Shape  Oval
Layer  all
$EndPAD
$PAD "12"
position  1.100000  0.000000
size  0.074000  0.074000
drill  0.040000
shape_offset  0.000000  0.000000
orientation  90.00
Shape  Oval
Layer  all
$EndPAD
$EndMODULE  JP6

$MODULE "JP7"
reference "JP7"
value ""
footprint "1X12"
attribut none
position  5.550000  4.735500
orientation  90.00
layer copper
$PAD "1"
position  0.000000  0.000000
size  0.074000  0.074000
drill  0.040000
shape_offset  0.000000  0.000000
orientation  90.00
Shape  Oval
Layer  all
$EndPAD
$PAD "2"
position  0.100000  0.000000
size  0.074000  0.074000
drill  0.040000
shape_offset  0.000000  0.000000
orientation  90.00
Shape  Oval
Layer  all
$EndPAD
$PAD "3"
position  0.200000  0.000000
size  0.074000  0.074000
drill  0.040000
shape_offset  0.000000  0.000000
orientation  90.00
Shape  Oval
Layer  all
$EndPAD
$PAD "4"
position  0.300000  0.000000
size  0.074000  0.074000
drill  0.040000
shape_offset  0.000000  0.000000
orientation  90.00
Shape  Oval
Layer  all
$EndPAD
$PAD "5"
position  0.400000  0.000000
size  0.074000  0.074000
drill  0.040000
shape_offset  0.000000  0.000000
orientation  90.00
Shape  Oval
Layer  all
$EndPAD
$PAD "6"
position  0.500000  0.000000
size  0.074000  0.074000
drill  0.040000
shape_offset  0.000000  0.000000
orientation  90.00
Shape  Oval
Layer  all
$EndPAD
$PAD "7"
position  0.600000  0.000000
size  0.074000  0.074000
drill  0.040000
shape_offset  0.000000  0.000000
orientation  90.00
Shape  Oval
Layer  all
$EndPAD
$PAD "8"
position  0.700000  0.000000
size  0.074000  0.074000
drill  0.040000
shape_offset  0.000000  0.000000
orientation  90.00
Shape  Oval
Layer  all
$EndPAD
$PAD "9"
position  0.800000  0.000000
size  0.074000  0.074000
drill  0.040000
shape_offset  0.000000  0.000000
orientation  90.00
Shape  Oval
Layer  all
$EndPAD
$PAD "10"
position  0.900000  0.000000
size  0.074000  0.074000
drill  0.040000
shape_offset  0.000000  0.000000
orientation  90.00
Shape  Oval
Layer  all
$EndPAD
$PAD "11"
position  1.000000  0.000000
size  0.074000  0.074000
drill  0.040000
shape_offset  0.000000  0.000000
orientation  90.00
Shape  Oval
Layer  all
$EndPAD
$PAD "12"
position  1.100000  0.000000
size  0.074000  0.074000
drill  0.040000
shape_offset  0.000000  0.000000
orientation  90.00
Shape  Oval
Layer  all
$EndPAD
$EndMODULE  JP7

$MODULE "ref**"
reference "ref**"
value "val**"
footprint "SFE-LOGO-FLAME"
attribut none
position  5.660000  4.510500
orientation  0.00
layer component
$EndMODULE  ref**

$MODULE "ref**"
reference "ref**"
value "val**"
footprint "RESONATOR-SMD"
attribut none
position  5.670000  4.020500
orientation  90.00
layer component
$PAD "1"
position -0.047200  0.000000
size  0.027500  0.066900
drill  0.000000
shape_offset  0.000000  0.000000
orientation  0.00
Shape  Rect
Layer  component
$EndPAD
$PAD "2"
position  0.000000  0.000000
size  0.027500  0.066900
drill  0.000000
shape_offset  0.000000  0.000000
orientation  0.00
Shape  Rect
Layer  component
$EndPAD
$PAD "3"
position  0.047200  0.000000
size  0.027500  0.066900
drill  0.000000
shape_offset  0.000000  0.000000
orientation  0.00
Shape  Rect
Layer  component
$EndPAD
$EndMODULE  ref**

$MODULE "JP2"
reference "JP2"
value ""
footprint "1X02"
attribut none
position  6.035000  4.080500
orientation  90.00
layer copper
$PAD "1"
position  0.000000  0.000000
size  0.074000  0.074000
drill  0.040000
shape_offset  0.000000  0.000000
orientation  90.00
Shape  Oval
Layer  all
$EndPAD
$PAD "2"
position  0.100000  0.000000
size  0.074000  0.074000
drill  0.040000
shape_offset  0.000000  0.000000
orientation  90.00
Shape  Oval
Layer  all
$EndPAD
$EndMODULE  JP2

$MODULE "U1"
reference "U1"
value "ATMEGA328"
footprint "TQFP32-08"
attribut none
position  5.850000  4.235500
orientation  315.00
layer component
$PAD "1"
position -0.169000 -0.110200
size  0.050000  0.022000
drill  0.000000
shape_offset  0.000000  0.000000
orientation  0.00
Shape  Rect
Layer  component
$EndPAD
$PAD "2"
position -0.169000 -0.078700
size  0.050000  0.022000
drill  0.000000
shape_offset  0.000000  0.000000
orientation  0.00
Shape  Rect
Layer  component
$EndPAD
$PAD "3"
position -0.169000 -0.047200
size  0.050000  0.022000
drill  0.000000
shape_offset  0.000000  0.000000
orientation  0.00
Shape  Rect
Layer  component
$EndPAD
$PAD "4"
position -0.169000 -0.015700
size  0.050000  0.022000
drill  0.000000
shape_offset  0.000000  0.000000
orientation  0.00
Shape  Rect
Layer  component
$EndPAD
$PAD "5"
position -0.169000  0.015700
size  0.050000  0.022000
drill  0.000000
shape_offset  0.000000  0.000000
orientation  0.00
Shape  Rect
Layer  component
$EndPAD
$PAD "6"
position -0.169000  0.047200
size  0.050000  0.022000
drill  0.000000
shape_offset  0.000000  0.000000
orientation  0.00
Shape  Rect
Layer  component
$EndPAD
$PAD "7"
position -0.169000  0.078700
size  0.050000  0.022000
drill  0.000000
shape_offset  0.000000  0.000000
orientation  0.00
Shape  Rect
Layer  component
$EndPAD
$PAD "8"
position -0.169000  0.110200
size  0.050000  0.022000
drill  0.000000
shape_offset  0.000000  0.000000
orientation  0.00
Shape  Rect
Layer  component
$EndPAD
$PAD "9"
position -0.110200  0.169000
size  0.022000  0.050000
drill  0.000000
shape_offset  0.000000  0.000000
orientation  0.00
Shape  Rect
Layer  component
$EndPAD
$PAD "10"
position -0.078700  0.169000
size  0.022000  0.050000
drill  0.000000
shape_offset  0.000000  0.000000
orientation  0.00
Shape  Rect
Layer  component
$EndPAD
$PAD "11"
position -0.047200  0.169000
size  0.022000  0.050000
drill  0.000000
shape_offset  0.000000  0.000000
orientation  0.00
Shape  Rect
Layer  component
$EndPAD
$PAD "12"
position -0.015700  0.169000
size  0.022000  0.050000
drill  0.000000
shape_offset  0.000000  0.000000
orientation  0.00
Shape  Rect
Layer  component
$EndPAD
$PAD "13"
position  0.015700  0.169000
size  0.022000  0.050000
drill  0.000000
shape_offset  0.000000  0.000000
orientation  0.00
Shape  Rect
Layer  component
$EndPAD
$PAD "14"
position  0.047200  0.169000
size  0.022000  0.050000
drill  0.000000
shape_offset  0.000000  0.000000
orientation  0.00
Shape  Rect
Layer  component
$EndPAD
$PAD "15"
position  0.078700  0.169000
size  0.022000  0.050000
drill  0.000000
shape_offset  0.000000  0.000000
orientation  0.00
Shape  Rect
Layer  component
$EndPAD
$PAD "16"
position  0.110200  0.169000
size  0.022000  0.050000
drill  0.000000
shape_offset  0.000000  0.000000
orientation  0.00
Shape  Rect
Layer  component
$EndPAD
$PAD "17"
position  0.169000  0.110200
size  0.050000  0.022000
drill  0.000000
shape_offset  0.000000  0.000000
orientation  0.00
Shape  Rect
Layer  component
$EndPAD
$PAD "18"
position  0.169000  0.078700
size  0.050000  0.022000
drill  0.000000
shape_offset  0.000000  0.000000
orientation  0.00
Shape  Rect
Layer  component
$EndPAD
$PAD "19"
position  0.169000  0.047200
size  0.050000  0.022000
drill  0.000000
shape_offset  0.000000  0.000000
orientation  0.00
Shape  Rect
Layer  component
$EndPAD
$PAD "20"
position  0.169000  0.015700
size  0.050000  0.022000
drill  0.000000
shape_offset  0.000000  0.000000
orientation  0.00
Shape  Rect
Layer  component
$EndPAD
$PAD "21"
position  0.169000 -0.015700
size  0.050000  0.022000
drill  0.000000
shape_offset  0.000000  0.000000
orientation  0.00
Shape  Rect
Layer  component
$EndPAD
$PAD "22"
position  0.169000 -0.047200
size  0.050000  0.022000
drill  0.000000
shape_offset  0.000000  0.000000
orientation  0.00
Shape  Rect
Layer  component
$EndPAD
$PAD "23"
position  0.169000 -0.078700
size  0.050000  0.022000
drill  0.000000
shape_offset  0.000000  0.000000
orientation  0.00
Shape  Rect
Layer  component
$EndPAD
$PAD "24"
position  0.169000 -0.110200
size  0.050000  0.022000
drill  0.000000
shape_offset  0.000000  0.000000
orientation  0.00
Shape  Rect
Layer  component
$EndPAD
$PAD "25"
position  0.110200 -0.169000
size  0.022000  0.050000
drill  0.000000
shape_offset  0.000000  0.000000
orientation  0.00
Shape  Rect
Layer  component
$EndPAD
$PAD "26"
position  0.078700 -0.169000
size  0.022000  0.050000
drill  0.000000
shape_offset  0.000000  0.000000
orientation  0.00
Shape  Rect
Layer  component
$EndPAD
$PAD "27"
position  0.047200 -0.169000
size  0.022000  0.050000
drill  0.000000
shape_offset  0.000000  0.000000
orientation  0.00
Shape  Rect
Layer  component
$EndPAD
$PAD "28"
position  0.015700 -0.169000
size  0.022000  0.050000
drill  0.000000
shape_offset  0.000000  0.000000
orientation  0.00
Shape  Rect
Layer  component
$EndPAD
$PAD "29"
position -0.015700 -0.169000
size  0.022000  0.050000
drill  0.000000
shape_offset  0.000000  0.000000
orientation  0.00
Shape  Rect
Layer  component
$EndPAD
$PAD "30"
position -0.047200 -0.169000
size  0.022000  0.050000
drill  0.000000
shape_offset  0.000000  0.000000
orientation  0.00
Shape  Rect
Layer  component
$EndPAD
$PAD "31"
position -0.078700 -0.169000
size  0.022000  0.050000
drill  0.000000
shape_offset  0.000000  0.000000
orientation  0.00
Shape  Rect
Layer  component
$EndPAD
$PAD "32"
position -0.110200 -0.169000
size  0.022000  0.050000
drill  0.000000
shape_offset  0.000000  0.000000
orientation  0.00
Shape  Rect
Layer  component
$EndPAD
$EndMODULE  U1

$MODULE "JP1"
reference "JP1"
value "FTDI Basic"
footprint "1X06"
attribut none
position  5.599000  3.535000
orientation  0.00
layer copper
$PAD "1"
position  0.000000  0.000000
size  0.074000  0.074000
drill  0.040000
shape_offset  0.000000  0.000000
orientation  90.00
Shape  Oval
Layer  all
$EndPAD
$PAD "2"
position  0.100000  0.000000
size  0.074000  0.074000
drill  0.040000
shape_offset  0.000000  0.000000
orientation  90.00
Shape  Oval
Layer  all
$EndPAD
$PAD "3"
position  0.200000  0.000000
size  0.074000  0.074000
drill  0.040000
shape_offset  0.000000  0.000000
orientation  90.00
Shape  Oval
Layer  all
$EndPAD
$PAD "4"
position  0.300000  0.000000
size  0.074000  0.074000
drill  0.040000
shape_offset  0.000000  0.000000
orientation  90.00
Shape  Oval
Layer  all
$EndPAD
$PAD "5"
position  0.400000  0.000000
size  0.074000  0.074000
drill  0.040000
shape_offset  0.000000  0.000000
orientation  90.00
Shape  Oval
Layer  all
$EndPAD
$PAD "6"
position  0.500000  0.000000
size  0.074000  0.074000
drill  0.040000
shape_offset  0.000000  0.000000
orientation  90.00
Shape  Oval
Layer  all
$EndPAD
$EndMODULE  JP1

$MODULE "C2"
reference "C2"
value "0.1uF"
footprint "0402-CAP"
attribut none
position  6.004000  3.635500
orientation  180.00
layer component
$PAD "1"
position -0.025500  0.000000
size  0.027500  0.035400
drill  0.000000
shape_offset  0.000000  0.000000
orientation  0.00
Shape  Rect
Layer  component
$EndPAD
$PAD "2"
position  0.025500  0.000000
size  0.027500  0.035400
drill  0.000000
shape_offset  0.000000  0.000000
orientation  0.00
Shape  Rect
Layer  component
$EndPAD
$EndMODULE  C2

$MODULE "ref**"
reference "ref**"
value "val**"
footprint "OSHW-LOGO-S"
attribut none
position  5.996000  3.746500
orientation  90.00
layer copper
$EndMODULE  ref**

$MODULE "JP3"
reference "JP3"
value ""
footprint "1X01"
attribut none
position  6.035000  4.492500
orientation  0.00
layer copper
$PAD "1"
position  0.000000  0.000000
size  0.074000  0.074000
drill  0.040000
shape_offset  0.000000  0.000000
orientation  90.00
Shape  Oval
Layer  all
$EndPAD
$EndMODULE  JP3

$MODULE "JP4"
reference "JP4"
value ""
footprint "1X01"
attribut none
position  6.035000  4.392500
orientation  0.00
layer copper
$PAD "1"
position  0.000000  0.000000
size  0.074000  0.074000
drill  0.040000
shape_offset  0.000000  0.000000
orientation  90.00
Shape  Oval
Layer  all
$EndPAD
$EndMODULE  JP4

$MODULE "R1"
reference "R1"
value ""
footprint "0402-RES"
attribut none
position  6.016000  3.873500
orientation  90.00
layer copper
$PAD "1"
position -0.025500  0.000000
size  0.027500  0.035400
drill  0.000000
shape_offset  0.000000  0.000000
orientation  0.00
Shape  Rect
Layer  copper
$EndPAD
$PAD "2"
position  0.025500  0.000000
size  0.027500  0.035400
drill  0.000000
shape_offset  0.000000  0.000000
orientation  0.00
Shape  Rect
Layer  copper
$EndPAD
$EndMODULE  R1

$MODULE "R3"
reference "R3"
value ""
footprint "0402-RES"
attribut none
position  6.061000  3.873500
orientation  90.00
layer copper
$PAD "1"
position -0.025500  0.000000
size  0.027500  0.035400
drill  0.000000
shape_offset  0.000000  0.000000
orientation  0.00
Shape  Rect
Layer  copper
$EndPAD
$PAD "2"
position  0.025500  0.000000
size  0.027500  0.035400
drill  0.000000
shape_offset  0.000000  0.000000
orientation  0.00
Shape  Rect
Layer  copper
$EndPAD
$EndMODULE  R3

$MODULE "ref**"
reference "ref**"
value "val**"
footprint "MICRO-FIDUCIAL"
attribut none
position  5.660000  3.645500
orientation  0.00
layer component
$PAD "1"
position  0.000000  0.000000
size  0.025000  0.025000
drill  0.000000
shape_offset  0.000000  0.000000
orientation  0.00
Shape  Rect
Layer  component
$EndPAD
$EndMODULE  ref**

$MODULE "ref**"
reference "ref**"
value "val**"
footprint "MICRO-FIDUCIAL"
attribut none
position  5.990000  4.685500
orientation  0.00
layer component
$PAD "1"
position  0.000000  0.000000
size  0.025000  0.025000
drill  0.000000
shape_offset  0.000000  0.000000
orientation  0.00
Shape  Rect
Layer  component
$EndPAD
$EndMODULE  ref**

$LINE 
start 5.500000 3.485500
end 5.500000 4.785500
width 0.008000
$EndLINE 
$LINE 
start 5.500000 4.785500
end 6.200000 4.785500
width 0.008000
$EndLINE 
$LINE 
start 6.200000 4.785500
end 6.200000 3.485500
width 0.008000
$EndLINE 
$LINE 
start 6.200000 3.485500
end 5.500000 3.485500
width 0.008000
$EndLINE 
$EndDESCRIPTION
